<?xml version="1.0" encoding="UTF-8"?>
<testsuite xmlns:xsi="http://www.w3.org/2001/XMLSchema-instance" xsi:noNamespaceSchemaLocation="https://maven.apache.org/surefire/maven-surefire-plugin/xsd/surefire-test-report.xsd" version="3.0.2" name="com.example.OngVeterinaria.OngVeterinariaApplicationTests" time="7.992" tests="1" errors="0" skipped="0" failures="0">
  <properties>
[...]
</properties>
  <testcase name="contextLoads" classname="com.example.OngVeterinaria.OngVeterinariaApplicationTests" time="0.523">
    <system-out><![CDATA[Standard Commons Logging discovery in action with spring-jcl: please remove commons-logging.jar from classpath in order to avoid potential conflicts
22:08:10.666 [main] INFO org.springframework.test.context.support.AnnotationConfigContextLoaderUtils -- Could not detect default configuration classes for test class [com.example.OngVeterinaria.OngVeterinariaApplicationTests]: OngVeterinariaApplicationTests does not declare any static, non-private, non-final, nested classes annotated with @Configuration.
22:08:10.821 [main] INFO org.springframework.boot.test.context.SpringBootTestContextBootstrapper -- Found @SpringBootConfiguration com.example.OngVeterinaria.OngVeterinariaApplication for test class com.example.OngVeterinaria.OngVeterinariaApplicationTests
22:08:10.981 [main] INFO org.springframework.boot.devtools.restart.RestartApplicationListener -- Restart disabled due to context in which it is running

  .   ____          _            __ _ _
 /\\ / ___'_ __ _ _(_)_ __  __ _ \ \ \ \
( ( )\___ | '_ | '_| | '_ \/ _` | \ \ \ \
 \\/  ___)| |_)| | | | | || (_| |  ) ) ) )
  '  |____| .__|_| |_|_| |_\__, | / / / /
 =========|_|==============|___/=/_/_/_/

&amp#27;[32m :: Spring Boot :: &amp#27;[39m              &amp#27;[2m (v3.4.4)&amp#27;[0;39m

&amp#27;[2m2025-05-06T22:08:11.255-03:00&amp#27;[0;39m &amp#27;[32m INFO&amp#27;[0;39m &amp#27;[35m15856&amp#27;[0;39m &amp#27;[2m--- [OngVeterinaria] [           main] &amp#27;[0;39m&amp#27;[36mc.e.O.OngVeterinariaApplicationTests    &amp#27;[0;39m &amp#27;[2m:&amp#27;[0;39m Starting OngVeterinariaApplicationTests using Java 21.0.7 with PID 15856 (started by Oliveira in C:\Daniel\Dev\PetTopia\pettopia-ongveterinanaria-server\OngVeterinaria)
&amp#27;[2m2025-05-06T22:08:11.256-03:00&amp#27;[0;39m &amp#27;[32m INFO&amp#27;[0;39m &amp#27;[35m15856&amp#27;[0;39m &amp#27;[2m--- [OngVeterinaria] [           main] &amp#27;[0;39m&amp#27;[36mc.e.O.OngVeterinariaApplicationTests    &amp#27;[0;39m &amp#27;[2m:&amp#27;[0;39m No active profile set, falling back to 1 default profile: "default"
&amp#27;[2m2025-05-06T22:08:12.221-03:00&amp#27;[0;39m &amp#27;[32m INFO&amp#27;[0;39m &amp#27;[35m15856&amp#27;[0;39m &amp#27;[2m--- [OngVeterinaria] [           main] &amp#27;[0;39m&amp#27;[36m.s.d.r.c.RepositoryConfigurationDelegate&amp#27;[0;39m &amp#27;[2m:&amp#27;[0;39m Bootstrapping Spring Data JPA repositories in DEFAULT mode.
&amp#27;[2m2025-05-06T22:08:12.312-03:00&amp#27;[0;39m &amp#27;[32m INFO&amp#27;[0;39m &amp#27;[35m15856&amp#27;[0;39m &amp#27;[2m--- [OngVeterinaria] [           main] &amp#27;[0;39m&amp#27;[36m.s.d.r.c.RepositoryConfigurationDelegate&amp#27;[0;39m &amp#27;[2m:&amp#27;[0;39m Finished Spring Data repository scanning in 79 ms. Found 8 JPA repository interfaces.
&amp#27;[2m2025-05-06T22:08:13.444-03:00&amp#27;[0;39m &amp#27;[32m INFO&amp#27;[0;39m &amp#27;[35m15856&amp#27;[0;39m &amp#27;[2m--- [OngVeterinaria] [           main] &amp#27;[0;39m&amp#27;[36mo.s.o.j.p.SpringPersistenceUnitInfo     &amp#27;[0;39m &amp#27;[2m:&amp#27;[0;39m No LoadTimeWeaver setup: ignoring JPA class transformer
&amp#27;[2m2025-05-06T22:08:13.477-03:00&amp#27;[0;39m &amp#27;[32m INFO&amp#27;[0;39m &amp#27;[35m15856&amp#27;[0;39m &amp#27;[2m--- [OngVeterinaria] [           main] &amp#27;[0;39m&amp#27;[36mcom.zaxxer.hikari.HikariDataSource      &amp#27;[0;39m &amp#27;[2m:&amp#27;[0;39m MyPool - Starting...
&amp#27;[2m2025-05-06T22:08:13.927-03:00&amp#27;[0;39m &amp#27;[32m INFO&amp#27;[0;39m &amp#27;[35m15856&amp#27;[0;39m &amp#27;[2m--- [OngVeterinaria] [           main] &amp#27;[0;39m&amp#27;[36mcom.zaxxer.hikari.pool.HikariPool       &amp#27;[0;39m &amp#27;[2m:&amp#27;[0;39m MyPool - Added connection com.mysql.cj.jdbc.ConnectionImpl@40dee07b
&amp#27;[2m2025-05-06T22:08:13.929-03:00&amp#27;[0;39m &amp#27;[32m INFO&amp#27;[0;39m &amp#27;[35m15856&amp#27;[0;39m &amp#27;[2m--- [OngVeterinaria] [           main] &amp#27;[0;39m&amp#27;[36mcom.zaxxer.hikari.HikariDataSource      &amp#27;[0;39m &amp#27;[2m:&amp#27;[0;39m MyPool - Start completed.
&amp#27;[2m2025-05-06T22:08:13.976-03:00&amp#27;[0;39m &amp#27;[33m WARN&amp#27;[0;39m &amp#27;[35m15856&amp#27;[0;39m &amp#27;[2m--- [OngVeterinaria] [           main] &amp#27;[0;39m&amp#27;[36morg.hibernate.orm.deprecation           &amp#27;[0;39m &amp#27;[2m:&amp#27;[0;39m HHH90000025: MySQL8Dialect does not need to be specified explicitly using 'hibernate.dialect' (remove the property setting and it will be selected by default)
&amp#27;[2m2025-05-06T22:08:13.978-03:00&amp#27;[0;39m &amp#27;[33m WARN&amp#27;[0;39m &amp#27;[35m15856&amp#27;[0;39m &amp#27;[2m--- [OngVeterinaria] [           main] &amp#27;[0;39m&amp#27;[36morg.hibernate.orm.deprecation           &amp#27;[0;39m &amp#27;[2m:&amp#27;[0;39m HHH90000026: MySQL8Dialect has been deprecated; use org.hibernate.dialect.MySQLDialect instead
&amp#27;[2m2025-05-06T22:08:15.206-03:00&amp#27;[0;39m &amp#27;[32m INFO&amp#27;[0;39m &amp#27;[35m15856&amp#27;[0;39m &amp#27;[2m--- [OngVeterinaria] [           main] &amp#27;[0;39m&amp#27;[36mj.LocalContainerEntityManagerFactoryBean&amp#27;[0;39m &amp#27;[2m:&amp#27;[0;39m Initialized JPA EntityManagerFactory for persistence unit 'default'
&amp#27;[2m2025-05-06T22:08:15.465-03:00&amp#27;[0;39m &amp#27;[32m INFO&amp#27;[0;39m &amp#27;[35m15856&amp#27;[0;39m &amp#27;[2m--- [OngVeterinaria] [           main] &amp#27;[0;39m&amp#27;[36mo.s.d.j.r.query.QueryEnhancerFactory    &amp#27;[0;39m &amp#27;[2m:&amp#27;[0;39m Hibernate is in classpath; If applicable, HQL parser will be used.
&amp#27;[2m2025-05-06T22:08:16.790-03:00&amp#27;[0;39m &amp#27;[33m WARN&amp#27;[0;39m &amp#27;[35m15856&amp#27;[0;39m &amp#27;[2m--- [OngVeterinaria] [           main] &amp#27;[0;39m&amp#27;[36mJpaBaseConfiguration$JpaWebConfiguration&amp#27;[0;39m &amp#27;[2m:&amp#27;[0;39m spring.jpa.open-in-view is enabled by default. Therefore, database queries may be performed during view rendering. Explicitly configure spring.jpa.open-in-view to disable this warning
&amp#27;[2m2025-05-06T22:08:16.917-03:00&amp#27;[0;39m &amp#27;[32m INFO&amp#27;[0;39m &amp#27;[35m15856&amp#27;[0;39m &amp#27;[2m--- [OngVeterinaria] [           main] &amp#27;[0;39m&amp#27;[36mo.s.s.web.DefaultSecurityFilterChain    &amp#27;[0;39m &amp#27;[2m:&amp#27;[0;39m Will secure any request with [org.springframework.security.web.session.DisableEncodeUrlFilter@3715c959, org.springframework.security.web.context.request.async.WebAsyncManagerIntegrationFilter@2e92c6f3, org.springframework.security.web.context.SecurityContextHolderFilter@35af404f, org.springframework.security.web.header.HeaderWriterFilter@494572fd, org.springframework.security.web.authentication.logout.LogoutFilter@75c4cd19, org.springframework.security.web.savedrequest.RequestCacheAwareFilter@406a54a2, org.springframework.security.web.servletapi.SecurityContextHolderAwareRequestFilter@3bdc78d8, org.springframework.security.web.authentication.AnonymousAuthenticationFilter@4d0d97e3, org.springframework.security.web.access.ExceptionTranslationFilter@7430d369, org.springframework.security.web.access.intercept.AuthorizationFilter@3ae47f4f]
&amp#27;[2m2025-05-06T22:08:17.822-03:00&amp#27;[0;39m &amp#27;[32m INFO&amp#27;[0;39m &amp#27;[35m15856&amp#27;[0;39m &amp#27;[2m--- [OngVeterinaria] [           main] &amp#27;[0;39m&amp#27;[36mc.e.O.OngVeterinariaApplicationTests    &amp#27;[0;39m &amp#27;[2m:&amp#27;[0;39m Started OngVeterinariaApplicationTests in 6.853 seconds (process running for 8.037)
Verificando se administrador já existe...
Hibernate: 
    select
        count(fm1_0.id_funcionario) 
    from
        tb_funcionario fm1_0 
    where
        fm1_0.tipo=?
Hibernate: 
    select
        crm1_0.id_documento,
        crm1_0.id_animal,
        crm1_0.arquivo,
        crm1_0.id_cliente,
        crm1_0.status,
        crm1_0.tempo_exclusao 
    from
        tb_comprovantes_renda crm1_0 
    where
        crm1_0.status=? 
        and crm1_0.tempo_exclusao<?
Administrador já existe.
]]></system-out>
    <system-err><![CDATA[Mockito is currently self-attaching to enable the inline-mock-maker. This will no longer work in future releases of the JDK. Please add Mockito as an agent to your build what is described in Mockito's documentation: https://javadoc.io/doc/org.mockito/mockito-core/latest/org/mockito/Mockito.html#0.3
WARNING: A Java agent has been loaded dynamically (C:\Users\danie\.m2\repository\net\bytebuddy\byte-buddy-agent\1.15.11\byte-buddy-agent-1.15.11.jar)
WARNING: If a serviceability tool is in use, please run with -XX:+EnableDynamicAgentLoading to hide this warning
WARNING: If a serviceability tool is not in use, please run with -Djdk.instrument.traceUsage for more information
WARNING: Dynamic loading of agents will be disallowed by default in a future release
]]></system-err>
  </testcase>
</testsuite>