<?xml version="1.0" encoding="UTF-8"?>
<testsuite xmlns:xsi="http://www.w3.org/2001/XMLSchema-instance" xsi:noNamespaceSchemaLocation="https://maven.apache.org/surefire/maven-surefire-plugin/xsd/surefire-test-report-3.0.xsd" version="3.0" name="com.example.OngVeterinaria.OngVeterinariaApplicationTests" time="6.933" tests="1" errors="0" skipped="0" failures="0">
  <properties>
[...]
</properties>
  <testcase name="contextLoads" classname="com.example.OngVeterinaria.OngVeterinariaApplicationTests" time="0.417">
    <system-out><![CDATA[Standard Commons Logging discovery in action with spring-jcl: please remove commons-logging.jar from classpath in order to avoid potential conflicts
17:01:09.361 [main] INFO org.springframework.test.context.support.AnnotationConfigContextLoaderUtils -- Could not detect default configuration classes for test class [com.example.OngVeterinaria.OngVeterinariaApplicationTests]: OngVeterinariaApplicationTests does not declare any static, non-private, non-final, nested classes annotated with @Configuration.
17:01:09.461 [main] INFO org.springframework.boot.test.context.SpringBootTestContextBootstrapper -- Found @SpringBootConfiguration com.example.OngVeterinaria.OngVeterinariaApplication for test class com.example.OngVeterinaria.OngVeterinariaApplicationTests
17:01:09.601 [main] INFO org.springframework.boot.devtools.restart.RestartApplicationListener -- Restart disabled due to context in which it is running

  .   ____          _            __ _ _
 /\\ / ___'_ __ _ _(_)_ __  __ _ \ \ \ \
( ( )\___ | '_ | '_| | '_ \/ _` | \ \ \ \
 \\/  ___)| |_)| | | | | || (_| |  ) ) ) )
  '  |____| .__|_| |_|_| |_\__, | / / / /
 =========|_|==============|___/=/_/_/_/

&amp#27;[32m :: Spring Boot :: &amp#27;[39m              &amp#27;[2m (v3.3.2)&amp#27;[0;39m

&amp#27;[2m2025-04-21T17:01:09.840-03:00&amp#27;[0;39m &amp#27;[32m INFO&amp#27;[0;39m &amp#27;[35m18612&amp#27;[0;39m &amp#27;[2m---&amp#27;[0;39m &amp#27;[2m[OngVeterinaria] [           main]&amp#27;[0;39m &amp#27;[2m&amp#27;[0;39m&amp#27;[36mc.e.O.OngVeterinariaApplicationTests    &amp#27;[0;39m &amp#27;[2m:&amp#27;[0;39m Starting OngVeterinariaApplicationTests using Java 21.0.7 with PID 18612 (started by Oliveira in C:\Daniel\Dev\PetTopia\pettopia-ongveterinanaria-server\OngVeterinaria)
&amp#27;[2m2025-04-21T17:01:09.842-03:00&amp#27;[0;39m &amp#27;[32m INFO&amp#27;[0;39m &amp#27;[35m18612&amp#27;[0;39m &amp#27;[2m---&amp#27;[0;39m &amp#27;[2m[OngVeterinaria] [           main]&amp#27;[0;39m &amp#27;[2m&amp#27;[0;39m&amp#27;[36mc.e.O.OngVeterinariaApplicationTests    &amp#27;[0;39m &amp#27;[2m:&amp#27;[0;39m No active profile set, falling back to 1 default profile: "default"
&amp#27;[2m2025-04-21T17:01:10.676-03:00&amp#27;[0;39m &amp#27;[32m INFO&amp#27;[0;39m &amp#27;[35m18612&amp#27;[0;39m &amp#27;[2m---&amp#27;[0;39m &amp#27;[2m[OngVeterinaria] [           main]&amp#27;[0;39m &amp#27;[2m&amp#27;[0;39m&amp#27;[36m.s.d.r.c.RepositoryConfigurationDelegate&amp#27;[0;39m &amp#27;[2m:&amp#27;[0;39m Bootstrapping Spring Data JPA repositories in DEFAULT mode.
&amp#27;[2m2025-04-21T17:01:10.751-03:00&amp#27;[0;39m &amp#27;[32m INFO&amp#27;[0;39m &amp#27;[35m18612&amp#27;[0;39m &amp#27;[2m---&amp#27;[0;39m &amp#27;[2m[OngVeterinaria] [           main]&amp#27;[0;39m &amp#27;[2m&amp#27;[0;39m&amp#27;[36m.s.d.r.c.RepositoryConfigurationDelegate&amp#27;[0;39m &amp#27;[2m:&amp#27;[0;39m Finished Spring Data repository scanning in 68 ms. Found 8 JPA repository interfaces.
&amp#27;[2m2025-04-21T17:01:11.724-03:00&amp#27;[0;39m &amp#27;[32m INFO&amp#27;[0;39m &amp#27;[35m18612&amp#27;[0;39m &amp#27;[2m---&amp#27;[0;39m &amp#27;[2m[OngVeterinaria] [           main]&amp#27;[0;39m &amp#27;[2m&amp#27;[0;39m&amp#27;[36mo.s.o.j.p.SpringPersistenceUnitInfo     &amp#27;[0;39m &amp#27;[2m:&amp#27;[0;39m No LoadTimeWeaver setup: ignoring JPA class transformer
&amp#27;[2m2025-04-21T17:01:11.749-03:00&amp#27;[0;39m &amp#27;[32m INFO&amp#27;[0;39m &amp#27;[35m18612&amp#27;[0;39m &amp#27;[2m---&amp#27;[0;39m &amp#27;[2m[OngVeterinaria] [           main]&amp#27;[0;39m &amp#27;[2m&amp#27;[0;39m&amp#27;[36mcom.zaxxer.hikari.HikariDataSource      &amp#27;[0;39m &amp#27;[2m:&amp#27;[0;39m MyPool - Starting...
&amp#27;[2m2025-04-21T17:01:12.183-03:00&amp#27;[0;39m &amp#27;[32m INFO&amp#27;[0;39m &amp#27;[35m18612&amp#27;[0;39m &amp#27;[2m---&amp#27;[0;39m &amp#27;[2m[OngVeterinaria] [           main]&amp#27;[0;39m &amp#27;[2m&amp#27;[0;39m&amp#27;[36mcom.zaxxer.hikari.pool.HikariPool       &amp#27;[0;39m &amp#27;[2m:&amp#27;[0;39m MyPool - Added connection com.mysql.cj.jdbc.ConnectionImpl@5df7a065
&amp#27;[2m2025-04-21T17:01:12.184-03:00&amp#27;[0;39m &amp#27;[32m INFO&amp#27;[0;39m &amp#27;[35m18612&amp#27;[0;39m &amp#27;[2m---&amp#27;[0;39m &amp#27;[2m[OngVeterinaria] [           main]&amp#27;[0;39m &amp#27;[2m&amp#27;[0;39m&amp#27;[36mcom.zaxxer.hikari.HikariDataSource      &amp#27;[0;39m &amp#27;[2m:&amp#27;[0;39m MyPool - Start completed.
&amp#27;[2m2025-04-21T17:01:12.228-03:00&amp#27;[0;39m &amp#27;[33m WARN&amp#27;[0;39m &amp#27;[35m18612&amp#27;[0;39m &amp#27;[2m---&amp#27;[0;39m &amp#27;[2m[OngVeterinaria] [           main]&amp#27;[0;39m &amp#27;[2m&amp#27;[0;39m&amp#27;[36morg.hibernate.orm.deprecation           &amp#27;[0;39m &amp#27;[2m:&amp#27;[0;39m HHH90000025: MySQL8Dialect does not need to be specified explicitly using 'hibernate.dialect' (remove the property setting and it will be selected by default)
&amp#27;[2m2025-04-21T17:01:12.229-03:00&amp#27;[0;39m &amp#27;[33m WARN&amp#27;[0;39m &amp#27;[35m18612&amp#27;[0;39m &amp#27;[2m---&amp#27;[0;39m &amp#27;[2m[OngVeterinaria] [           main]&amp#27;[0;39m &amp#27;[2m&amp#27;[0;39m&amp#27;[36morg.hibernate.orm.deprecation           &amp#27;[0;39m &amp#27;[2m:&amp#27;[0;39m HHH90000026: MySQL8Dialect has been deprecated; use org.hibernate.dialect.MySQLDialect instead
Hibernate: 
    alter table tb_animal 
       modify column foto LONGBLOB
Hibernate: 
    alter table tb_comprovantes_renda 
       modify column arquivo LONGBLOB
Hibernate: 
    alter table tb_pedidos 
       modify column comprovante LONGBLOB
&amp#27;[2m2025-04-21T17:01:13.337-03:00&amp#27;[0;39m &amp#27;[32m INFO&amp#27;[0;39m &amp#27;[35m18612&amp#27;[0;39m &amp#27;[2m---&amp#27;[0;39m &amp#27;[2m[OngVeterinaria] [           main]&amp#27;[0;39m &amp#27;[2m&amp#27;[0;39m&amp#27;[36mj.LocalContainerEntityManagerFactoryBean&amp#27;[0;39m &amp#27;[2m:&amp#27;[0;39m Initialized JPA EntityManagerFactory for persistence unit 'default'
&amp#27;[2m2025-04-21T17:01:13.695-03:00&amp#27;[0;39m &amp#27;[32m INFO&amp#27;[0;39m &amp#27;[35m18612&amp#27;[0;39m &amp#27;[2m---&amp#27;[0;39m &amp#27;[2m[OngVeterinaria] [           main]&amp#27;[0;39m &amp#27;[2m&amp#27;[0;39m&amp#27;[36mo.s.d.j.r.query.QueryEnhancerFactory    &amp#27;[0;39m &amp#27;[2m:&amp#27;[0;39m Hibernate is in classpath; If applicable, HQL parser will be used.
&amp#27;[2m2025-04-21T17:01:14.586-03:00&amp#27;[0;39m &amp#27;[33m WARN&amp#27;[0;39m &amp#27;[35m18612&amp#27;[0;39m &amp#27;[2m---&amp#27;[0;39m &amp#27;[2m[OngVeterinaria] [           main]&amp#27;[0;39m &amp#27;[2m&amp#27;[0;39m&amp#27;[36mJpaBaseConfiguration$JpaWebConfiguration&amp#27;[0;39m &amp#27;[2m:&amp#27;[0;39m spring.jpa.open-in-view is enabled by default. Therefore, database queries may be performed during view rendering. Explicitly configure spring.jpa.open-in-view to disable this warning
&amp#27;[2m2025-04-21T17:01:14.645-03:00&amp#27;[0;39m &amp#27;[33m WARN&amp#27;[0;39m &amp#27;[35m18612&amp#27;[0;39m &amp#27;[2m---&amp#27;[0;39m &amp#27;[2m[OngVeterinaria] [           main]&amp#27;[0;39m &amp#27;[2m&amp#27;[0;39m&amp#27;[36m.s.s.UserDetailsServiceAutoConfiguration&amp#27;[0;39m &amp#27;[2m:&amp#27;[0;39m 

Using generated security password: 11abb5a1-dfb2-45e3-b7ca-03b667d7677b

This generated password is for development use only. Your security configuration must be updated before running your application in production.

&amp#27;[2m2025-04-21T17:01:14.751-03:00&amp#27;[0;39m &amp#27;[32m INFO&amp#27;[0;39m &amp#27;[35m18612&amp#27;[0;39m &amp#27;[2m---&amp#27;[0;39m &amp#27;[2m[OngVeterinaria] [           main]&amp#27;[0;39m &amp#27;[2m&amp#27;[0;39m&amp#27;[36mo.s.s.web.DefaultSecurityFilterChain    &amp#27;[0;39m &amp#27;[2m:&amp#27;[0;39m Will secure any request with [org.springframework.security.web.session.DisableEncodeUrlFilter@745f4c49, org.springframework.security.web.context.request.async.WebAsyncManagerIntegrationFilter@2631075f, org.springframework.security.web.context.SecurityContextHolderFilter@21ed2052, org.springframework.security.web.header.HeaderWriterFilter@1676550a, org.springframework.security.web.authentication.logout.LogoutFilter@add99a4, org.springframework.security.web.savedrequest.RequestCacheAwareFilter@3c07b046, org.springframework.security.web.servletapi.SecurityContextHolderAwareRequestFilter@77fdbe42, org.springframework.security.web.authentication.AnonymousAuthenticationFilter@427b8fe4, org.springframework.security.web.access.ExceptionTranslationFilter@14796b9e, org.springframework.security.web.access.intercept.AuthorizationFilter@48f359e4]
&amp#27;[2m2025-04-21T17:01:15.538-03:00&amp#27;[0;39m &amp#27;[32m INFO&amp#27;[0;39m &amp#27;[35m18612&amp#27;[0;39m &amp#27;[2m---&amp#27;[0;39m &amp#27;[2m[OngVeterinaria] [           main]&amp#27;[0;39m &amp#27;[2m&amp#27;[0;39m&amp#27;[36mc.e.O.OngVeterinariaApplicationTests    &amp#27;[0;39m &amp#27;[2m:&amp#27;[0;39m Started OngVeterinariaApplicationTests in 5.95 seconds (process running for 6.882)
Verificando se administrador já existe...
Hibernate: 
    select
        fm1_0.id_funcionario,
        fm1_0.cpf,
        fm1_0.data_emissao,
        fm1_0.email,
        fm1_0.nome,
        fm1_0.senha,
        fm1_0.tipo 
    from
        tb_funcionario fm1_0 
    where
        fm1_0.email=?
Hibernate: 
    select
        crm1_0.id_documento,
        crm1_0.id_animal,
        crm1_0.arquivo,
        crm1_0.id_cliente,
        crm1_0.status,
        crm1_0.tempo_exclusao 
    from
        tb_comprovantes_renda crm1_0 
    where
        crm1_0.status=? 
        and crm1_0.tempo_exclusao<?
Administrador já existe.
]]></system-out>
    <system-err><![CDATA[WARNING: A Java agent has been loaded dynamically (C:\Users\danie\.m2\repository\net\bytebuddy\byte-buddy-agent\1.14.18\byte-buddy-agent-1.14.18.jar)
WARNING: If a serviceability tool is in use, please run with -XX:+EnableDynamicAgentLoading to hide this warning
WARNING: If a serviceability tool is not in use, please run with -Djdk.instrument.traceUsage for more information
WARNING: Dynamic loading of agents will be disallowed by default in a future release
]]></system-err>
  </testcase>
</testsuite>